+ ld obj/kern/kernel
+ mk obj/kern/kernel.img
Could not open option rom 'sgabios.bin': No such file or directory
6828 decimal is 15254 octal!
Physical memory: 66556K available, base = 640K, extended = 65532K
check_page_alloc() succeeded!
check_page() succeeded!
check_kern_pgdir() succeeded!
check_page_installed_pgdir() succeeded!
[00000000] new env 00001000
Incoming TRAP frame at 0xefbfffbc
TRAP frame at 0xf01a1000
  edi  0x00000000
  esi  0x00000000
  ebp  0xeebfdfb0
  oesp 0xefbfffdc
  ebx  0x00000000
  edx  0xf010000c
  ecx  0x00000064
  eax  0x00000000
  es   0x----0023
  ds   0x----0023
  trap 0x00000030 System call
  err  0x00000000
  eip  0x008000be
  cs   0x----001b
  flag 0x00000092
  esp  0xeebfdfa4
  ss   0x----0023
[00001000] free env 00001000
Destroyed the only environment - nothing more to do!
Welcome to the JOS kernel monitor!
Type 'help' for a list of commands.

QEMU: Terminated via GDBstub
